<?xml version="1.0" encoding="UTF-8"?>
<testng-results ignored="0" total="1" passed="1" failed="0" skipped="0">
  <reporter-output>
  </reporter-output>
  <suite started-at="2021-10-30T21:22:30 IST" name="Default suite" finished-at="2021-10-30T21:22:45 IST" duration-ms="14849">
    <groups>
    </groups>
    <test started-at="2021-10-30T21:22:30 IST" name="Default test" finished-at="2021-10-30T21:22:45 IST" duration-ms="14849">
      <class name="resources.Baseclass">
        <test-method signature="BaseCall()[pri:0, instance:resources.Baseclass@2df9b86]" started-at="2021-10-30T21:22:30 IST" name="BaseCall" finished-at="2021-10-30T21:22:45 IST" duration-ms="14757" status="PASS">
          <reporter-output>
          </reporter-output>
        </test-method> <!-- BaseCall -->
      </class> <!-- resources.Baseclass -->
    </test> <!-- Default test -->
  </suite> <!-- Default suite -->
</testng-results>
